<?xml version="1.0" encoding="UTF-8"?>
<testsuites name="Mocha Tests" time="8.793" tests="3" failures="0">
  <testsuite name="Root Suite" timestamp="2025-09-02T09:59:53" tests="0" file="cypress\e2e\checkout.cy.js" time="0.000" failures="0">
  </testsuite>
  <testsuite name="SauceDemo Checkout &amp; Order Confirmation Flow" timestamp="2025-09-02T09:59:53" tests="3" time="8.790" failures="0">
    <testcase name="SauceDemo Checkout &amp; Order Confirmation Flow Checkout with valid info and verify order confirmation" time="4.364" classname="Checkout with valid info and verify order confirmation">
    </testcase>
    <testcase name="SauceDemo Checkout &amp; Order Confirmation Flow Checkout with missing First Name shows error" time="2.429" classname="Checkout with missing First Name shows error">
    </testcase>
    <testcase name="SauceDemo Checkout &amp; Order Confirmation Flow Cancel checkout process returns to cart" time="1.719" classname="Cancel checkout process returns to cart">
    </testcase>
  </testsuite>
</testsuites>