<?xml version="1.0" encoding="UTF-8"?>
<testsuites name="Mocha Tests" time="5.023" tests="1" failures="0">
  <testsuite name="Root Suite" timestamp="2025-09-02T10:00:11" tests="0" file="cypress\e2e\spec.cy.js" time="0.000" failures="0">
  </testsuite>
  <testsuite name="template spec" timestamp="2025-09-02T10:00:11" tests="1" time="5.021" failures="0">
    <testcase name="template spec passes" time="1.561" classname="passes">
    </testcase>
  </testsuite>
</testsuites>