<?xml version="1.0" encoding="UTF-8"?>
<testsuites name="Mocha Tests" time="11.481" tests="5" failures="0">
  <testsuite name="Root Suite" timestamp="2025-09-02T09:59:39" tests="0" file="cypress\e2e\cart.cy.js" time="0.000" failures="0">
  </testsuite>
  <testsuite name="SauceDemo Cart Flow" timestamp="2025-09-02T09:59:39" tests="5" time="11.478" failures="0">
    <testcase name="SauceDemo Cart Flow Add single product to cart and verify" time="5.070" classname="Add single product to cart and verify">
    </testcase>
    <testcase name="SauceDemo Cart Flow Add multiple products to cart" time="1.522" classname="Add multiple products to cart">
    </testcase>
    <testcase name="SauceDemo Cart Flow Remove product from cart" time="1.429" classname="Remove product from cart">
    </testcase>
    <testcase name="SauceDemo Cart Flow Continue shopping from cart" time="1.678" classname="Continue shopping from cart">
    </testcase>
    <testcase name="SauceDemo Cart Flow Verify cart badge updates correctly" time="1.380" classname="Verify cart badge updates correctly">
    </testcase>
  </testsuite>
</testsuites>